20,WIG
21,WIG
22,WIG
23,WIG
24,WIG
25,WIG
26,WIG
27,WIG
28,WIG
29,WIG
30,Fiskebåt
31,Bogserare
32,Bogserare (stor)
33,Mudderverk
34,Dykftg
35,Mil
36,Segelftg
37,Fritidsbåt
38,-
39,-
40,HSC
41,HSC
42,HSC
43,HSC
44,HSC
45,HSC
46,HSC
47,HSC
48,HSC
49,HSC
50,Lots
51,SAR
52,Bogserare
53,Hamnlots
54,MSKY
55,'KBV'
56,-
57,-
58,'LASS-ftg'
59,-
60,PASS
61,PASS
62,PASS
63,PASS
64,PASS
65,PASS
66,PASS
67,PASS
68,PASS
69,PASS
70,HFTG
71,HFTG
72,HFTG
73,HFTG
74,HFTG
75,HFTG
76,HFTG
77,HFTG
78,HFTG
79,HFTG
80,TANK
81,TANK
82,TANK
83,TANK
84,TANK
85,TANK
86,TANK
87,TANK
88,TANK
89,TANK
90,Övr
91,Övr
92,Övr
93,Övr
94,Övr
95,Övr
96,Övr
97,Övr
98,Övr
99,Övr
