20,WIG
21,WIG
22,WIG
23,WIG
24,WIG
25,WIG
26,WIG
27,WIG
28,WIG
29,WIG
30,Fishing
31,Towing
32,Towing
33,Dredging ops
34,Diving ops
35,Military ops
36,Sailing
37,Leisure craft
38,-
39,-
40,HSC
41,HSC
42,HSC
43,HSC
44,HSC
45,HSC
46,HSC
47,HSC
48,HSC
49,HSC
50,Pilot
51,SAR
52,Tug
53,Port tender
54,Anti-pollution
55,Law enforcement
56,-
57,-
58,Medical
59,-
60,Passenger
61,Passenger
62,Passenger
63,Passenger
64,Passenger
65,Passenger
66,Passenger
67,Passenger
68,Passenger
69,Passenger
70,Cargo
71,Cargo
72,Cargo
73,Cargo
74,Cargo
75,Cargo
76,Cargo
77,Cargo
78,Cargo
79,Cargo
80,Tanker
81,Tanker
82,Tanker
83,Tanker
84,Tanker
85,Tanker
86,Tanker
87,Tanker
88,Tanker
89,Tanker
90,Other
91,Other
92,Other
93,Other
94,Other
95,Other
96,Other
97,Other
98,Other
99,Other
